<?xml version="1.0" encoding="UTF-8"?>
<!-- Generated by org.testng.reporters.JUnitReportReporter -->
<testsuite skipped="0" hostname="P4A-508SD52" name="org.example.Tanmay.Login" tests="1" failures="0" timestamp="02 Aug 2018 09:11:27 GMT" time="63.831" errors="0">
  <testcase name="register" time="63.831" classname="org.example.Tanmay.Login"/>
</testsuite> <!-- org.example.Tanmay.Login -->
